This file contains any messages produced by compilers while
running configure, to aid debugging if configure makes a mistake.

It was created by afinador_guitarra configure 0.1, which was
generated by GNU Autoconf 2.69.  Invocation command line was

  $ /home/iflores/workspace/gnome/sample/afinador-guitarra/configure --enable-maintainer-mode CFLAGS=-g -O0 CXXFLAGS=-g -O0 JFLAGS=-g -O0 FFLAGS=-g -O0

## --------- ##
## Platform. ##
## --------- ##

hostname = iflores-work
uname -m = x86_64
uname -r = 3.8.0-26-generic
uname -s = Linux
uname -v = #38-Ubuntu SMP Mon Jun 17 21:43:33 UTC 2013

/usr/bin/uname -p = unknown
/bin/uname -X     = unknown

/bin/arch              = unknown
/usr/bin/arch -k       = unknown
/usr/convex/getsysinfo = unknown
/usr/bin/hostinfo      = unknown
/bin/machine           = unknown
/usr/bin/oslevel       = unknown
/bin/universe          = unknown

PATH: /home/iflores/bin
PATH: /usr/lib/lightdm/lightdm
PATH: /usr/local/sbin
PATH: /usr/local/bin
PATH: /usr/sbin
PATH: /usr/bin
PATH: /sbin
PATH: /bin
PATH: /usr/games
PATH: /usr/local/games


## ----------- ##
## Core tests. ##
## ----------- ##

configure:2314: checking for a BSD-compatible install
configure:2382: result: /usr/bin/install -c
configure:2393: checking whether build environment is sane
configure:2443: result: yes
configure:2584: checking for a thread-safe mkdir -p
configure:2623: result: /bin/mkdir -p
configure:2636: checking for gawk
configure:2666: result: no
configure:2636: checking for mawk
configure:2652: found /usr/bin/mawk
configure:2663: result: mawk
configure:2674: checking whether make sets $(MAKE)
configure:2696: result: yes
configure:2788: checking whether make supports nested variables
configure:2805: result: yes
configure:2865: checking for gcc
configure:2881: found /usr/bin/gcc
configure:2892: result: gcc
configure:3121: checking for C compiler version
configure:3130: gcc --version >&5
gcc (Ubuntu/Linaro 4.7.3-1ubuntu1) 4.7.3
Copyright (C) 2012 Free Software Foundation, Inc.
This is free software; see the source for copying conditions.  There is NO
warranty; not even for MERCHANTABILITY or FITNESS FOR A PARTICULAR PURPOSE.

configure:3141: $? = 0
configure:3130: gcc -v >&5
Using built-in specs.
COLLECT_GCC=gcc
COLLECT_LTO_WRAPPER=/usr/lib/gcc/x86_64-linux-gnu/4.7/lto-wrapper
Target: x86_64-linux-gnu
Configured with: ../src/configure -v --with-pkgversion='Ubuntu/Linaro 4.7.3-1ubuntu1' --with-bugurl=file:///usr/share/doc/gcc-4.7/README.Bugs --enable-languages=c,c++,go,fortran,objc,obj-c++ --prefix=/usr --program-suffix=-4.7 --enable-shared --enable-linker-build-id --libexecdir=/usr/lib --without-included-gettext --enable-threads=posix --with-gxx-include-dir=/usr/include/c++/4.7 --libdir=/usr/lib --enable-nls --with-sysroot=/ --enable-clocale=gnu --enable-libstdcxx-debug --enable-libstdcxx-time=yes --enable-gnu-unique-object --enable-plugin --with-system-zlib --enable-objc-gc --with-cloog --enable-cloog-backend=ppl --disable-cloog-version-check --disable-ppl-version-check --enable-multiarch --disable-werror --with-arch-32=i686 --with-abi=m64 --with-multilib-list=m32,m64,mx32 --with-tune=generic --enable-checking=release --build=x86_64-linux-gnu --host=x86_64-linux-gnu --target=x86_64-linux-gnu
Thread model: posix
gcc version 4.7.3 (Ubuntu/Linaro 4.7.3-1ubuntu1) 
configure:3141: $? = 0
configure:3130: gcc -V >&5
gcc: error: unrecognized command line option '-V'
gcc: fatal error: no input files
compilation terminated.
configure:3141: $? = 4
configure:3130: gcc -qversion >&5
gcc: error: unrecognized command line option '-qversion'
gcc: fatal error: no input files
compilation terminated.
configure:3141: $? = 4
configure:3161: checking whether the C compiler works
configure:3183: gcc -g -O0   conftest.c  >&5
configure:3187: $? = 0
configure:3235: result: yes
configure:3238: checking for C compiler default output file name
configure:3240: result: a.out
configure:3246: checking for suffix of executables
configure:3253: gcc -o conftest -g -O0   conftest.c  >&5
configure:3257: $? = 0
configure:3279: result: 
configure:3301: checking whether we are cross compiling
configure:3309: gcc -o conftest -g -O0   conftest.c  >&5
configure:3313: $? = 0
configure:3320: ./conftest
configure:3324: $? = 0
configure:3339: result: no
configure:3344: checking for suffix of object files
configure:3366: gcc -c -g -O0  conftest.c >&5
configure:3370: $? = 0
configure:3391: result: o
configure:3395: checking whether we are using the GNU C compiler
configure:3414: gcc -c -g -O0  conftest.c >&5
configure:3414: $? = 0
configure:3423: result: yes
configure:3432: checking whether gcc accepts -g
configure:3452: gcc -c -g  conftest.c >&5
configure:3452: $? = 0
configure:3493: result: yes
configure:3510: checking for gcc option to accept ISO C89
configure:3573: gcc  -c -g -O0  conftest.c >&5
configure:3573: $? = 0
configure:3586: result: none needed
configure:3617: checking for style of include used by make
configure:3645: result: GNU
configure:3671: checking dependency style of gcc
configure:3782: result: gcc3
configure:3802: checking whether NLS is requested
configure:3811: result: yes
configure:3830: checking for intltool >= 0.35.0
configure:3832: result: 0.50.2 found
configure:3840: checking for intltool-update
configure:3858: found /usr/bin/intltool-update
configure:3870: result: /usr/bin/intltool-update
configure:3880: checking for intltool-merge
configure:3898: found /usr/bin/intltool-merge
configure:3910: result: /usr/bin/intltool-merge
configure:3920: checking for intltool-extract
configure:3938: found /usr/bin/intltool-extract
configure:3950: result: /usr/bin/intltool-extract
configure:4104: checking for xgettext
configure:4122: found /usr/bin/xgettext
configure:4134: result: /usr/bin/xgettext
configure:4144: checking for msgmerge
configure:4162: found /usr/bin/msgmerge
configure:4174: result: /usr/bin/msgmerge
configure:4184: checking for msgfmt
configure:4202: found /usr/bin/msgfmt
configure:4214: result: /usr/bin/msgfmt
configure:4224: checking for gmsgfmt
configure:4255: result: /usr/bin/msgfmt
configure:4275: checking for perl
configure:4293: found /usr/bin/perl
configure:4305: result: /usr/bin/perl
configure:4316: checking for perl >= 5.8.1
configure:4323: result: 5.14.2
configure:4327: checking for XML::Parser
configure:4330: result: ok
configure:4355: gcc -o conftest -g -O0   conftest.c  >&5
configure:4355: $? = 0
configure:4395: checking how to run the C preprocessor
configure:4426: gcc -E  conftest.c
configure:4426: $? = 0
configure:4440: gcc -E  conftest.c
conftest.c:12:28: fatal error: ac_nonexistent.h: No such file or directory
compilation terminated.
configure:4440: $? = 1
configure: failed program was:
| /* confdefs.h */
| #define PACKAGE_NAME "afinador_guitarra"
| #define PACKAGE_TARNAME "afinador_guitarra"
| #define PACKAGE_VERSION "0.1"
| #define PACKAGE_STRING "afinador_guitarra 0.1"
| #define PACKAGE_BUGREPORT ""
| #define PACKAGE_URL ""
| #define PACKAGE "afinador_guitarra"
| #define VERSION "0.1"
| #define GETTEXT_PACKAGE "afinador_guitarra"
| /* end confdefs.h.  */
| #include <ac_nonexistent.h>
configure:4465: result: gcc -E
configure:4485: gcc -E  conftest.c
configure:4485: $? = 0
configure:4499: gcc -E  conftest.c
conftest.c:12:28: fatal error: ac_nonexistent.h: No such file or directory
compilation terminated.
configure:4499: $? = 1
configure: failed program was:
| /* confdefs.h */
| #define PACKAGE_NAME "afinador_guitarra"
| #define PACKAGE_TARNAME "afinador_guitarra"
| #define PACKAGE_VERSION "0.1"
| #define PACKAGE_STRING "afinador_guitarra 0.1"
| #define PACKAGE_BUGREPORT ""
| #define PACKAGE_URL ""
| #define PACKAGE "afinador_guitarra"
| #define VERSION "0.1"
| #define GETTEXT_PACKAGE "afinador_guitarra"
| /* end confdefs.h.  */
| #include <ac_nonexistent.h>
configure:4528: checking for grep that handles long lines and -e
configure:4586: result: /bin/grep
configure:4591: checking for egrep
configure:4653: result: /bin/grep -E
configure:4658: checking for ANSI C header files
configure:4678: gcc -c -g -O0  conftest.c >&5
configure:4678: $? = 0
configure:4751: gcc -o conftest -g -O0   conftest.c  >&5
configure:4751: $? = 0
configure:4751: ./conftest
configure:4751: $? = 0
configure:4762: result: yes
configure:4775: checking for sys/types.h
configure:4775: gcc -c -g -O0  conftest.c >&5
configure:4775: $? = 0
configure:4775: result: yes
configure:4775: checking for sys/stat.h
configure:4775: gcc -c -g -O0  conftest.c >&5
configure:4775: $? = 0
configure:4775: result: yes
configure:4775: checking for stdlib.h
configure:4775: gcc -c -g -O0  conftest.c >&5
configure:4775: $? = 0
configure:4775: result: yes
configure:4775: checking for string.h
configure:4775: gcc -c -g -O0  conftest.c >&5
configure:4775: $? = 0
configure:4775: result: yes
configure:4775: checking for memory.h
configure:4775: gcc -c -g -O0  conftest.c >&5
configure:4775: $? = 0
configure:4775: result: yes
configure:4775: checking for strings.h
configure:4775: gcc -c -g -O0  conftest.c >&5
configure:4775: $? = 0
configure:4775: result: yes
configure:4775: checking for inttypes.h
configure:4775: gcc -c -g -O0  conftest.c >&5
configure:4775: $? = 0
configure:4775: result: yes
configure:4775: checking for stdint.h
configure:4775: gcc -c -g -O0  conftest.c >&5
configure:4775: $? = 0
configure:4775: result: yes
configure:4775: checking for unistd.h
configure:4775: gcc -c -g -O0  conftest.c >&5
configure:4775: $? = 0
configure:4775: result: yes
configure:4790: checking locale.h usability
configure:4790: gcc -c -g -O0  conftest.c >&5
configure:4790: $? = 0
configure:4790: result: yes
configure:4790: checking locale.h presence
configure:4790: gcc -E  conftest.c
configure:4790: $? = 0
configure:4790: result: yes
configure:4790: checking for locale.h
configure:4790: result: yes
configure:4801: checking for LC_MESSAGES
configure:4817: gcc -o conftest -g -O0   conftest.c  >&5
configure:4817: $? = 0
configure:4825: result: yes
configure:4842: checking libintl.h usability
configure:4842: gcc -c -g -O0  conftest.c >&5
configure:4842: $? = 0
configure:4842: result: yes
configure:4842: checking libintl.h presence
configure:4842: gcc -E  conftest.c
configure:4842: $? = 0
configure:4842: result: yes
configure:4842: checking for libintl.h
configure:4842: result: yes
configure:4850: checking for ngettext in libc
configure:4868: gcc -o conftest -g -O0   conftest.c  >&5
configure:4868: $? = 0
configure:4877: result: yes
configure:4881: checking for dgettext in libc
configure:4899: gcc -o conftest -g -O0   conftest.c  >&5
configure:4899: $? = 0
configure:4908: result: yes
configure:4915: checking for bind_textdomain_codeset
configure:4915: gcc -o conftest -g -O0   conftest.c  >&5
configure:4915: $? = 0
configure:4915: result: yes
configure:5191: checking for msgfmt
configure:5218: result: /usr/bin/msgfmt
configure:5229: checking for dcgettext
configure:5229: gcc -o conftest -g -O0   conftest.c   >&5
conftest.c:49:6: warning: conflicting types for built-in function 'dcgettext' [enabled by default]
configure:5229: $? = 0
configure:5229: result: yes
configure:5239: checking if msgfmt accepts -c
configure:5254: $MSGFMT -c -o /dev/null conftest.foo
configure:5257: $? = 0
configure:5259: result: yes
configure:5269: checking for gmsgfmt
configure:5300: result: /usr/bin/msgfmt
configure:5310: checking for xgettext
configure:5337: result: /usr/bin/xgettext
configure:5356: gcc -o conftest -g -O0   conftest.c   >&5
configure:5356: $? = 0
configure:5527: checking build system type
configure:5541: result: x86_64-unknown-linux-gnu
configure:5561: checking host system type
configure:5574: result: x86_64-unknown-linux-gnu
configure:5615: checking how to print strings
configure:5642: result: printf
configure:5663: checking for a sed that does not truncate output
configure:5727: result: /bin/sed
configure:5745: checking for fgrep
configure:5807: result: /bin/grep -F
configure:5842: checking for ld used by gcc
configure:5909: result: /usr/bin/ld
configure:5916: checking if the linker (/usr/bin/ld) is GNU ld
configure:5931: result: yes
configure:5943: checking for BSD- or MS-compatible name lister (nm)
configure:5992: result: /usr/bin/nm -B
configure:6122: checking the name lister (/usr/bin/nm -B) interface
configure:6129: gcc -c -g -O0  conftest.c >&5
configure:6132: /usr/bin/nm -B "conftest.o"
configure:6135: output
0000000000000000 B some_variable
configure:6142: result: BSD nm
configure:6145: checking whether ln -s works
configure:6149: result: yes
configure:6157: checking the maximum length of command line arguments
configure:6288: result: 1572864
configure:6305: checking whether the shell understands some XSI constructs
configure:6315: result: yes
configure:6319: checking whether the shell understands "+="
configure:6325: result: yes
configure:6360: checking how to convert x86_64-unknown-linux-gnu file names to x86_64-unknown-linux-gnu format
configure:6400: result: func_convert_file_noop
configure:6407: checking how to convert x86_64-unknown-linux-gnu file names to toolchain format
configure:6427: result: func_convert_file_noop
configure:6434: checking for /usr/bin/ld option to reload object files
configure:6441: result: -r
configure:6515: checking for objdump
configure:6531: found /usr/bin/objdump
configure:6542: result: objdump
configure:6574: checking how to recognize dependent libraries
configure:6772: result: pass_all
configure:6857: checking for dlltool
configure:6887: result: no
configure:6917: checking how to associate runtime and link libraries
configure:6944: result: printf %s\n
configure:7004: checking for ar
configure:7020: found /usr/bin/ar
configure:7031: result: ar
configure:7068: checking for archiver @FILE support
configure:7085: gcc -c -g -O0  conftest.c >&5
configure:7085: $? = 0
configure:7088: ar cru libconftest.a @conftest.lst >&5
configure:7091: $? = 0
configure:7096: ar cru libconftest.a @conftest.lst >&5
ar: conftest.o: No such file or directory
configure:7099: $? = 1
configure:7111: result: @
configure:7169: checking for strip
configure:7185: found /usr/bin/strip
configure:7196: result: strip
configure:7268: checking for ranlib
configure:7284: found /usr/bin/ranlib
configure:7295: result: ranlib
configure:7397: checking command to parse /usr/bin/nm -B output from gcc object
configure:7517: gcc -c -g -O0  conftest.c >&5
configure:7520: $? = 0
configure:7524: /usr/bin/nm -B conftest.o \| sed -n -e 's/^.*[ ]\([ABCDGIRSTW][ABCDGIRSTW]*\)[ ][ ]*\([_A-Za-z][_A-Za-z0-9]*\)$/\1 \2 \2/p' | sed '/ __gnu_lto/d' \> conftest.nm
configure:7527: $? = 0
configure:7593: gcc -o conftest -g -O0   conftest.c conftstm.o >&5
configure:7596: $? = 0
configure:7634: result: ok
configure:7671: checking for sysroot
configure:7701: result: no
configure:7778: gcc -c -g -O0  conftest.c >&5
configure:7781: $? = 0
configure:7964: checking for mt
configure:7980: found /bin/mt
configure:7991: result: mt
configure:8014: checking if mt is a manifest tool
configure:8020: mt '-?'
configure:8028: result: no
configure:8667: checking for dlfcn.h
configure:8667: gcc -c -g -O0  conftest.c >&5
configure:8667: $? = 0
configure:8667: result: yes
configure:8873: checking for objdir
configure:8888: result: .libs
configure:9155: checking if gcc supports -fno-rtti -fno-exceptions
configure:9173: gcc -c -g -O0  -fno-rtti -fno-exceptions conftest.c >&5
cc1: warning: command line option '-fno-rtti' is valid for C++/ObjC++ but not for C [enabled by default]
configure:9177: $? = 0
configure:9190: result: no
configure:9517: checking for gcc option to produce PIC
configure:9524: result: -fPIC -DPIC
configure:9532: checking if gcc PIC flag -fPIC -DPIC works
configure:9550: gcc -c -g -O0  -fPIC -DPIC -DPIC conftest.c >&5
configure:9554: $? = 0
configure:9567: result: yes
configure:9596: checking if gcc static flag -static works
configure:9624: result: yes
configure:9639: checking if gcc supports -c -o file.o
configure:9660: gcc -c -g -O0  -o out/conftest2.o conftest.c >&5
configure:9664: $? = 0
configure:9686: result: yes
configure:9694: checking if gcc supports -c -o file.o
configure:9741: result: yes
configure:9774: checking whether the gcc linker (/usr/bin/ld -m elf_x86_64) supports shared libraries
configure:10931: result: yes
configure:10968: checking whether -lc should be explicitly linked in
configure:10976: gcc -c -g -O0  conftest.c >&5
configure:10979: $? = 0
configure:10994: gcc -shared  -fPIC -DPIC conftest.o  -v -Wl,-soname -Wl,conftest -o conftest 2\>\&1 \| /bin/grep  -lc  \>/dev/null 2\>\&1
configure:10997: $? = 0
configure:11011: result: no
configure:11171: checking dynamic linker characteristics
configure:11671: gcc -o conftest -g -O0   -Wl,-rpath -Wl,/foo conftest.c  >&5
configure:11671: $? = 0
configure:11905: result: GNU/Linux ld.so
configure:12012: checking how to hardcode library paths into programs
configure:12037: result: immediate
configure:12577: checking whether stripping libraries is possible
configure:12582: result: yes
configure:12617: checking if libtool supports shared libraries
configure:12619: result: yes
configure:12622: checking whether to build shared libraries
configure:12643: result: yes
configure:12646: checking whether to build static libraries
configure:12650: result: yes
configure:12744: checking for pkg-config
configure:12762: found /usr/bin/pkg-config
configure:12774: result: /usr/bin/pkg-config
configure:12799: checking pkg-config is at least version 0.9.0
configure:12802: result: yes
configure:12812: checking for AFINADOR_GUITARRA
configure:12819: $PKG_CONFIG --exists --print-errors "gtk+-3.0 "
configure:12822: $? = 0
configure:12836: $PKG_CONFIG --exists --print-errors "gtk+-3.0 "
configure:12839: $? = 0
configure:12897: result: yes
configure:13041: creating ./config.status

## ---------------------- ##
## Running config.status. ##
## ---------------------- ##

This file was extended by afinador_guitarra config.status 0.1, which was
generated by GNU Autoconf 2.69.  Invocation command line was

  CONFIG_FILES    = 
  CONFIG_HEADERS  = 
  CONFIG_LINKS    = 
  CONFIG_COMMANDS = 
  $ ./config.status 

on iflores-work

config.status:1166: creating Makefile
config.status:1166: creating src/Makefile
config.status:1166: creating po/Makefile.in
config.status:1166: creating config.h
config.status:1380: executing depfiles commands
config.status:1380: executing default-1 commands
config.status:1380: executing libtool commands
config.status:1380: executing po/stamp-it commands
configure:15291: WARNING: unrecognized options: --enable-maintainer-mode

## ---------------- ##
## Cache variables. ##
## ---------------- ##

ac_cv_build=x86_64-unknown-linux-gnu
ac_cv_c_compiler_gnu=yes
ac_cv_env_AFINADOR_GUITARRA_CFLAGS_set=
ac_cv_env_AFINADOR_GUITARRA_CFLAGS_value=
ac_cv_env_AFINADOR_GUITARRA_LIBS_set=
ac_cv_env_AFINADOR_GUITARRA_LIBS_value=
ac_cv_env_CC_set=
ac_cv_env_CC_value=
ac_cv_env_CFLAGS_set=set
ac_cv_env_CFLAGS_value='-g -O0'
ac_cv_env_CPPFLAGS_set=
ac_cv_env_CPPFLAGS_value=
ac_cv_env_CPP_set=
ac_cv_env_CPP_value=
ac_cv_env_LDFLAGS_set=
ac_cv_env_LDFLAGS_value=
ac_cv_env_LIBS_set=
ac_cv_env_LIBS_value=
ac_cv_env_PKG_CONFIG_LIBDIR_set=
ac_cv_env_PKG_CONFIG_LIBDIR_value=
ac_cv_env_PKG_CONFIG_PATH_set=
ac_cv_env_PKG_CONFIG_PATH_value=
ac_cv_env_PKG_CONFIG_set=
ac_cv_env_PKG_CONFIG_value=
ac_cv_env_build_alias_set=
ac_cv_env_build_alias_value=
ac_cv_env_host_alias_set=
ac_cv_env_host_alias_value=
ac_cv_env_target_alias_set=
ac_cv_env_target_alias_value=
ac_cv_func_bind_textdomain_codeset=yes
ac_cv_func_dcgettext=yes
ac_cv_header_dlfcn_h=yes
ac_cv_header_inttypes_h=yes
ac_cv_header_libintl_h=yes
ac_cv_header_locale_h=yes
ac_cv_header_memory_h=yes
ac_cv_header_stdc=yes
ac_cv_header_stdint_h=yes
ac_cv_header_stdlib_h=yes
ac_cv_header_string_h=yes
ac_cv_header_strings_h=yes
ac_cv_header_sys_stat_h=yes
ac_cv_header_sys_types_h=yes
ac_cv_header_unistd_h=yes
ac_cv_host=x86_64-unknown-linux-gnu
ac_cv_objext=o
ac_cv_path_EGREP='/bin/grep -E'
ac_cv_path_FGREP='/bin/grep -F'
ac_cv_path_GMSGFMT=/usr/bin/msgfmt
ac_cv_path_GREP=/bin/grep
ac_cv_path_INTLTOOL_EXTRACT=/usr/bin/intltool-extract
ac_cv_path_INTLTOOL_MERGE=/usr/bin/intltool-merge
ac_cv_path_INTLTOOL_PERL=/usr/bin/perl
ac_cv_path_INTLTOOL_UPDATE=/usr/bin/intltool-update
ac_cv_path_MSGFMT=/usr/bin/msgfmt
ac_cv_path_MSGMERGE=/usr/bin/msgmerge
ac_cv_path_SED=/bin/sed
ac_cv_path_XGETTEXT=/usr/bin/xgettext
ac_cv_path_ac_pt_PKG_CONFIG=/usr/bin/pkg-config
ac_cv_path_install='/usr/bin/install -c'
ac_cv_path_mkdir=/bin/mkdir
ac_cv_prog_AWK=mawk
ac_cv_prog_CPP='gcc -E'
ac_cv_prog_ac_ct_AR=ar
ac_cv_prog_ac_ct_CC=gcc
ac_cv_prog_ac_ct_MANIFEST_TOOL=mt
ac_cv_prog_ac_ct_OBJDUMP=objdump
ac_cv_prog_ac_ct_RANLIB=ranlib
ac_cv_prog_ac_ct_STRIP=strip
ac_cv_prog_cc_c89=
ac_cv_prog_cc_g=yes
ac_cv_prog_make_make_set=yes
am_cv_CC_dependencies_compiler_type=gcc3
am_cv_make_support_nested_variables=yes
am_cv_val_LC_MESSAGES=yes
gt_cv_func_dgettext_libc=yes
gt_cv_func_dgettext_libintl=no
gt_cv_func_ngettext_libc=yes
gt_cv_have_gettext=yes
lt_cv_ar_at_file=@
lt_cv_archive_cmds_need_lc=no
lt_cv_deplibs_check_method=pass_all
lt_cv_file_magic_cmd='$MAGIC_CMD'
lt_cv_file_magic_test_file=
lt_cv_ld_reload_flag=-r
lt_cv_nm_interface='BSD nm'
lt_cv_objdir=.libs
lt_cv_path_LD=/usr/bin/ld
lt_cv_path_NM='/usr/bin/nm -B'
lt_cv_path_mainfest_tool=no
lt_cv_prog_compiler_c_o=yes
lt_cv_prog_compiler_pic='-fPIC -DPIC'
lt_cv_prog_compiler_pic_works=yes
lt_cv_prog_compiler_rtti_exceptions=no
lt_cv_prog_compiler_static_works=yes
lt_cv_prog_gnu_ld=yes
lt_cv_sharedlib_from_linklib_cmd='printf %s\n'
lt_cv_shlibpath_overrides_runpath=no
lt_cv_sys_global_symbol_pipe='sed -n -e '\''s/^.*[	 ]\([ABCDGIRSTW][ABCDGIRSTW]*\)[	 ][	 ]*\([_A-Za-z][_A-Za-z0-9]*\)$/\1 \2 \2/p'\'' | sed '\''/ __gnu_lto/d'\'''
lt_cv_sys_global_symbol_to_c_name_address='sed -n -e '\''s/^: \([^ ]*\)[ ]*$/  {\"\1\", (void *) 0},/p'\'' -e '\''s/^[ABCDGIRSTW]* \([^ ]*\) \([^ ]*\)$/  {"\2", (void *) \&\2},/p'\'''
lt_cv_sys_global_symbol_to_c_name_address_lib_prefix='sed -n -e '\''s/^: \([^ ]*\)[ ]*$/  {\"\1\", (void *) 0},/p'\'' -e '\''s/^[ABCDGIRSTW]* \([^ ]*\) \(lib[^ ]*\)$/  {"\2", (void *) \&\2},/p'\'' -e '\''s/^[ABCDGIRSTW]* \([^ ]*\) \([^ ]*\)$/  {"lib\2", (void *) \&\2},/p'\'''
lt_cv_sys_global_symbol_to_cdecl='sed -n -e '\''s/^T .* \(.*\)$/extern int \1();/p'\'' -e '\''s/^[ABCDGIRSTW]* .* \(.*\)$/extern char \1;/p'\'''
lt_cv_sys_max_cmd_len=1572864
lt_cv_to_host_file_cmd=func_convert_file_noop
lt_cv_to_tool_file_cmd=func_convert_file_noop
pkg_cv_AFINADOR_GUITARRA_CFLAGS='-pthread -I/usr/include/gtk-3.0 -I/usr/include/atk-1.0 -I/usr/include/at-spi2-atk/2.0 -I/usr/include/pango-1.0 -I/usr/include/gio-unix-2.0/ -I/usr/include/cairo -I/usr/include/gdk-pixbuf-2.0 -I/usr/include/glib-2.0 -I/usr/lib/x86_64-linux-gnu/glib-2.0/include -I/usr/include/harfbuzz -I/usr/include/freetype2 -I/usr/include/pixman-1 -I/usr/include/libpng12  '
pkg_cv_AFINADOR_GUITARRA_LIBS='-lgtk-3 -lgdk-3 -latk-1.0 -lgio-2.0 -lpangocairo-1.0 -lgdk_pixbuf-2.0 -lcairo-gobject -lpango-1.0 -lcairo -lgobject-2.0 -lglib-2.0  '

## ----------------- ##
## Output variables. ##
## ----------------- ##

ACLOCAL='${SHELL} /home/iflores/workspace/gnome/sample/afinador-guitarra/missing --run aclocal-1.11'
AFINADOR_GUITARRA_CFLAGS='-pthread -I/usr/include/gtk-3.0 -I/usr/include/atk-1.0 -I/usr/include/at-spi2-atk/2.0 -I/usr/include/pango-1.0 -I/usr/include/gio-unix-2.0/ -I/usr/include/cairo -I/usr/include/gdk-pixbuf-2.0 -I/usr/include/glib-2.0 -I/usr/lib/x86_64-linux-gnu/glib-2.0/include -I/usr/include/harfbuzz -I/usr/include/freetype2 -I/usr/include/pixman-1 -I/usr/include/libpng12  '
AFINADOR_GUITARRA_LIBS='-lgtk-3 -lgdk-3 -latk-1.0 -lgio-2.0 -lpangocairo-1.0 -lgdk_pixbuf-2.0 -lcairo-gobject -lpango-1.0 -lcairo -lgobject-2.0 -lglib-2.0  '
ALL_LINGUAS=''
AMDEPBACKSLASH='\'
AMDEP_FALSE='#'
AMDEP_TRUE=''
AMTAR='$${TAR-tar}'
AM_BACKSLASH='\'
AM_DEFAULT_V='$(AM_DEFAULT_VERBOSITY)'
AM_DEFAULT_VERBOSITY='0'
AM_V='$(V)'
AR='ar'
AUTOCONF='${SHELL} /home/iflores/workspace/gnome/sample/afinador-guitarra/missing --run autoconf'
AUTOHEADER='${SHELL} /home/iflores/workspace/gnome/sample/afinador-guitarra/missing --run autoheader'
AUTOMAKE='${SHELL} /home/iflores/workspace/gnome/sample/afinador-guitarra/missing --run automake-1.11'
AWK='mawk'
CATALOGS=''
CATOBJEXT='.gmo'
CC='gcc'
CCDEPMODE='depmode=gcc3'
CFLAGS='-g -O0'
CPP='gcc -E'
CPPFLAGS=''
CYGPATH_W='echo'
DATADIRNAME='share'
DEFS='-DHAVE_CONFIG_H'
DEPDIR='.deps'
DLLTOOL='false'
DSYMUTIL=''
DUMPBIN=''
ECHO_C=''
ECHO_N='-n'
ECHO_T=''
EGREP='/bin/grep -E'
EXEEXT=''
FGREP='/bin/grep -F'
GETTEXT_PACKAGE='afinador_guitarra'
GMOFILES=''
GMSGFMT='/usr/bin/msgfmt'
GREP='/bin/grep'
INSTALL_DATA='${INSTALL} -m 644'
INSTALL_PROGRAM='${INSTALL}'
INSTALL_SCRIPT='${INSTALL}'
INSTALL_STRIP_PROGRAM='$(install_sh) -c -s'
INSTOBJEXT='.mo'
INTLLIBS=''
INTLTOOL_CAVES_RULE='%.caves:     %.caves.in     $(INTLTOOL_MERGE) $(wildcard $(top_srcdir)/po/*.po) ; $(INTLTOOL_V_MERGE)LC_ALL=C $(INTLTOOL_MERGE) $(INTLTOOL_V_MERGE_OPTIONS) -d -u -c $(top_builddir)/po/.intltool-merge-cache $(top_srcdir)/po $< $@'
INTLTOOL_DESKTOP_RULE='%.desktop:   %.desktop.in   $(INTLTOOL_MERGE) $(wildcard $(top_srcdir)/po/*.po) ; $(INTLTOOL_V_MERGE)LC_ALL=C $(INTLTOOL_MERGE) $(INTLTOOL_V_MERGE_OPTIONS) -d -u -c $(top_builddir)/po/.intltool-merge-cache $(top_srcdir)/po $< $@'
INTLTOOL_DIRECTORY_RULE='%.directory: %.directory.in $(INTLTOOL_MERGE) $(wildcard $(top_srcdir)/po/*.po) ; $(INTLTOOL_V_MERGE)LC_ALL=C $(INTLTOOL_MERGE) $(INTLTOOL_V_MERGE_OPTIONS) -d -u -c $(top_builddir)/po/.intltool-merge-cache $(top_srcdir)/po $< $@'
INTLTOOL_EXTRACT='/usr/bin/intltool-extract'
INTLTOOL_KBD_RULE='%.kbd:       %.kbd.in       $(INTLTOOL_MERGE) $(wildcard $(top_srcdir)/po/*.po) ; $(INTLTOOL_V_MERGE)LC_ALL=C $(INTLTOOL_MERGE) $(INTLTOOL_V_MERGE_OPTIONS) -x -u -m -c $(top_builddir)/po/.intltool-merge-cache $(top_srcdir)/po $< $@'
INTLTOOL_KEYS_RULE='%.keys:      %.keys.in      $(INTLTOOL_MERGE) $(wildcard $(top_srcdir)/po/*.po) ; $(INTLTOOL_V_MERGE)LC_ALL=C $(INTLTOOL_MERGE) $(INTLTOOL_V_MERGE_OPTIONS) -k -u -c $(top_builddir)/po/.intltool-merge-cache $(top_srcdir)/po $< $@'
INTLTOOL_MERGE='/usr/bin/intltool-merge'
INTLTOOL_OAF_RULE='%.oaf:       %.oaf.in       $(INTLTOOL_MERGE) $(wildcard $(top_srcdir)/po/*.po) ; $(INTLTOOL_V_MERGE)LC_ALL=C $(INTLTOOL_MERGE) $(INTLTOOL_V_MERGE_OPTIONS) -o -p $(top_srcdir)/po $< $@'
INTLTOOL_PERL='/usr/bin/perl'
INTLTOOL_POLICY_RULE='%.policy:    %.policy.in    $(INTLTOOL_MERGE) $(wildcard $(top_srcdir)/po/*.po) ; $(INTLTOOL_V_MERGE)LC_ALL=C $(INTLTOOL_MERGE) $(INTLTOOL_V_MERGE_OPTIONS) -x -u -c $(top_builddir)/po/.intltool-merge-cache $(top_srcdir)/po $< $@'
INTLTOOL_PONG_RULE='%.pong:      %.pong.in      $(INTLTOOL_MERGE) $(wildcard $(top_srcdir)/po/*.po) ; $(INTLTOOL_V_MERGE)LC_ALL=C $(INTLTOOL_MERGE) $(INTLTOOL_V_MERGE_OPTIONS) -x -u -c $(top_builddir)/po/.intltool-merge-cache $(top_srcdir)/po $< $@'
INTLTOOL_PROP_RULE='%.prop:      %.prop.in      $(INTLTOOL_MERGE) $(wildcard $(top_srcdir)/po/*.po) ; $(INTLTOOL_V_MERGE)LC_ALL=C $(INTLTOOL_MERGE) $(INTLTOOL_V_MERGE_OPTIONS) -d -u -c $(top_builddir)/po/.intltool-merge-cache $(top_srcdir)/po $< $@'
INTLTOOL_SCHEMAS_RULE='%.schemas:   %.schemas.in   $(INTLTOOL_MERGE) $(wildcard $(top_srcdir)/po/*.po) ; $(INTLTOOL_V_MERGE)LC_ALL=C $(INTLTOOL_MERGE) $(INTLTOOL_V_MERGE_OPTIONS) -s -u -c $(top_builddir)/po/.intltool-merge-cache $(top_srcdir)/po $< $@'
INTLTOOL_SERVER_RULE='%.server:    %.server.in    $(INTLTOOL_MERGE) $(wildcard $(top_srcdir)/po/*.po) ; $(INTLTOOL_V_MERGE)LC_ALL=C $(INTLTOOL_MERGE) $(INTLTOOL_V_MERGE_OPTIONS) -o -u -c $(top_builddir)/po/.intltool-merge-cache $(top_srcdir)/po $< $@'
INTLTOOL_SERVICE_RULE='%.service: %.service.in   $(INTLTOOL_MERGE) $(wildcard $(top_srcdir)/po/*.po) ; $(INTLTOOL_V_MERGE)LC_ALL=C $(INTLTOOL_MERGE) $(INTLTOOL_V_MERGE_OPTIONS) -d -u -c $(top_builddir)/po/.intltool-merge-cache $(top_srcdir)/po $< $@'
INTLTOOL_SHEET_RULE='%.sheet:     %.sheet.in     $(INTLTOOL_MERGE) $(wildcard $(top_srcdir)/po/*.po) ; $(INTLTOOL_V_MERGE)LC_ALL=C $(INTLTOOL_MERGE) $(INTLTOOL_V_MERGE_OPTIONS) -x -u -c $(top_builddir)/po/.intltool-merge-cache $(top_srcdir)/po $< $@'
INTLTOOL_SOUNDLIST_RULE='%.soundlist: %.soundlist.in $(INTLTOOL_MERGE) $(wildcard $(top_srcdir)/po/*.po) ; $(INTLTOOL_V_MERGE)LC_ALL=C $(INTLTOOL_MERGE) $(INTLTOOL_V_MERGE_OPTIONS) -d -u -c $(top_builddir)/po/.intltool-merge-cache $(top_srcdir)/po $< $@'
INTLTOOL_THEME_RULE='%.theme:     %.theme.in     $(INTLTOOL_MERGE) $(wildcard $(top_srcdir)/po/*.po) ; $(INTLTOOL_V_MERGE)LC_ALL=C $(INTLTOOL_MERGE) $(INTLTOOL_V_MERGE_OPTIONS) -d -u -c $(top_builddir)/po/.intltool-merge-cache $(top_srcdir)/po $< $@'
INTLTOOL_UI_RULE='%.ui:        %.ui.in        $(INTLTOOL_MERGE) $(wildcard $(top_srcdir)/po/*.po) ; $(INTLTOOL_V_MERGE)LC_ALL=C $(INTLTOOL_MERGE) $(INTLTOOL_V_MERGE_OPTIONS) -x -u -c $(top_builddir)/po/.intltool-merge-cache $(top_srcdir)/po $< $@'
INTLTOOL_UPDATE='/usr/bin/intltool-update'
INTLTOOL_V_MERGE='$(INTLTOOL__v_MERGE_$(V))'
INTLTOOL_V_MERGE_OPTIONS='$(intltool__v_merge_options_$(V))'
INTLTOOL_XAM_RULE='%.xam:       %.xml.in       $(INTLTOOL_MERGE) $(wildcard $(top_srcdir)/po/*.po) ; $(INTLTOOL_V_MERGE)LC_ALL=C $(INTLTOOL_MERGE) $(INTLTOOL_V_MERGE_OPTIONS) -x -u -c $(top_builddir)/po/.intltool-merge-cache $(top_srcdir)/po $< $@'
INTLTOOL_XML_NOMERGE_RULE='%.xml:       %.xml.in       $(INTLTOOL_MERGE) ; $(INTLTOOL_V_MERGE)LC_ALL=C $(INTLTOOL_MERGE) $(INTLTOOL_V_MERGE_OPTIONS) -x -u --no-translations $< $@'
INTLTOOL_XML_RULE='%.xml:       %.xml.in       $(INTLTOOL_MERGE) $(wildcard $(top_srcdir)/po/*.po) ; $(INTLTOOL_V_MERGE)LC_ALL=C $(INTLTOOL_MERGE) $(INTLTOOL_V_MERGE_OPTIONS) -x -u -c $(top_builddir)/po/.intltool-merge-cache $(top_srcdir)/po $< $@'
INTLTOOL__v_MERGE_0='@echo "  ITMRG " $@;'
INTLTOOL__v_MERGE_='$(INTLTOOL__v_MERGE_$(AM_DEFAULT_VERBOSITY))'
LD='/usr/bin/ld -m elf_x86_64'
LDFLAGS=''
LIBOBJS=''
LIBS=''
LIBTOOL='$(SHELL) $(top_builddir)/libtool'
LIPO=''
LN_S='ln -s'
LTLIBOBJS=''
MAKEINFO='${SHELL} /home/iflores/workspace/gnome/sample/afinador-guitarra/missing --run makeinfo'
MANIFEST_TOOL=':'
MKDIR_P='/bin/mkdir -p'
MKINSTALLDIRS='/home/iflores/workspace/gnome/sample/afinador-guitarra/mkinstalldirs'
MSGFMT='/usr/bin/msgfmt'
MSGFMT_OPTS='-c'
MSGMERGE='/usr/bin/msgmerge'
NM='/usr/bin/nm -B'
NMEDIT=''
OBJDUMP='objdump'
OBJEXT='o'
OTOOL64=''
OTOOL=''
PACKAGE='afinador_guitarra'
PACKAGE_BUGREPORT=''
PACKAGE_NAME='afinador_guitarra'
PACKAGE_STRING='afinador_guitarra 0.1'
PACKAGE_TARNAME='afinador_guitarra'
PACKAGE_URL=''
PACKAGE_VERSION='0.1'
PATH_SEPARATOR=':'
PKG_CONFIG='/usr/bin/pkg-config'
PKG_CONFIG_LIBDIR=''
PKG_CONFIG_PATH=''
POFILES=''
POSUB='po'
PO_IN_DATADIR_FALSE=''
PO_IN_DATADIR_TRUE=''
RANLIB='ranlib'
SED='/bin/sed'
SET_MAKE=''
SHELL='/bin/bash'
STRIP='strip'
USE_NLS='yes'
VERSION='0.1'
XGETTEXT='/usr/bin/xgettext'
ac_ct_AR='ar'
ac_ct_CC='gcc'
ac_ct_DUMPBIN=''
am__EXEEXT_FALSE=''
am__EXEEXT_TRUE='#'
am__fastdepCC_FALSE='#'
am__fastdepCC_TRUE=''
am__include='include'
am__isrc=' -I$(srcdir)'
am__leading_dot='.'
am__nodep='_no'
am__quote=''
am__tar='$${TAR-tar} chof - "$$tardir"'
am__untar='$${TAR-tar} xf -'
bindir='${exec_prefix}/bin'
build='x86_64-unknown-linux-gnu'
build_alias=''
build_cpu='x86_64'
build_os='linux-gnu'
build_vendor='unknown'
datadir='${datarootdir}'
datarootdir='${prefix}/share'
docdir='${datarootdir}/doc/${PACKAGE_TARNAME}'
dvidir='${docdir}'
exec_prefix='${prefix}'
host='x86_64-unknown-linux-gnu'
host_alias=''
host_cpu='x86_64'
host_os='linux-gnu'
host_vendor='unknown'
htmldir='${docdir}'
includedir='${prefix}/include'
infodir='${datarootdir}/info'
install_sh='${SHELL} /home/iflores/workspace/gnome/sample/afinador-guitarra/install-sh'
intltool__v_merge_options_0='-q'
intltool__v_merge_options_='$(intltool__v_merge_options_$(AM_DEFAULT_VERBOSITY))'
libdir='${exec_prefix}/lib'
libexecdir='${exec_prefix}/libexec'
localedir='${datarootdir}/locale'
localstatedir='${prefix}/var'
mandir='${datarootdir}/man'
mkdir_p='/bin/mkdir -p'
oldincludedir='/usr/include'
pdfdir='${docdir}'
prefix='/usr/local'
program_transform_name='s,x,x,'
psdir='${docdir}'
sbindir='${exec_prefix}/sbin'
sharedstatedir='${prefix}/com'
sysconfdir='${prefix}/etc'
target_alias=''

## ----------- ##
## confdefs.h. ##
## ----------- ##

/* confdefs.h */
#define PACKAGE_NAME "afinador_guitarra"
#define PACKAGE_TARNAME "afinador_guitarra"
#define PACKAGE_VERSION "0.1"
#define PACKAGE_STRING "afinador_guitarra 0.1"
#define PACKAGE_BUGREPORT ""
#define PACKAGE_URL ""
#define PACKAGE "afinador_guitarra"
#define VERSION "0.1"
#define GETTEXT_PACKAGE "afinador_guitarra"
#define STDC_HEADERS 1
#define HAVE_SYS_TYPES_H 1
#define HAVE_SYS_STAT_H 1
#define HAVE_STDLIB_H 1
#define HAVE_STRING_H 1
#define HAVE_MEMORY_H 1
#define HAVE_STRINGS_H 1
#define HAVE_INTTYPES_H 1
#define HAVE_STDINT_H 1
#define HAVE_UNISTD_H 1
#define HAVE_LOCALE_H 1
#define HAVE_LC_MESSAGES 1
#define HAVE_BIND_TEXTDOMAIN_CODESET 1
#define HAVE_GETTEXT 1
#define HAVE_DCGETTEXT 1
#define ENABLE_NLS 1
#define HAVE_DLFCN_H 1
#define LT_OBJDIR ".libs/"

configure: exit 0

## ---------------------- ##
## Running config.status. ##
## ---------------------- ##

This file was extended by afinador_guitarra config.status 0.1, which was
generated by GNU Autoconf 2.69.  Invocation command line was

  CONFIG_FILES    = 
  CONFIG_HEADERS  = 
  CONFIG_LINKS    = 
  CONFIG_COMMANDS = 
  $ ./config.status config.h

on iflores-work

config.status:1166: creating config.h
config.status:1332: config.h is unchanged
